Removed Pin From Net: NetName=VCC2LOW Pin=D7-K
Removed Pin From Net: NetName=VCC2LOW Pin=D8-K
Removed Pin From Net: NetName=Net*1_2 Pin=D9-K
Removed Pin From Net: NetName=Net*3_2 Pin=D10-K
Change Component DesignItemId : Designator=D7 Old DesignItemId=Diode 1N4148 New DesignItemId=Diode
Change Component DesignItemId : Designator=D8 Old DesignItemId=Diode 1N4148 New DesignItemId=Diode
Change Component DesignItemId : Designator=D9 Old DesignItemId=LED0 New DesignItemId=LED2
Change Component DesignItemId : Designator=D10 Old DesignItemId=LED0 New DesignItemId=LED2
Change Component Footprint: Designator=D7 Old Footprint=DO41-10 New Footprint=SMC
Change Component Footprint: Designator=D8 Old Footprint=DO41-10 New Footprint=SMC
Change Component Footprint: Designator=D9 Old Footprint=led-5mm New Footprint=SMDLED
Change Component Footprint: Designator=D10 Old Footprint=led-5mm New Footprint=SMDLED
Change Component Comment : Designator=D7 Old Comment=1N4148 New Comment=Diode
Change Component Comment : Designator=D8 Old Comment=1N4148 New Comment=Diode
Change Component Comment : Designator=D9 Old Comment=LED0 New Comment=LED1
Change Component Comment : Designator=D10 Old Comment=LED0 New Comment=LED1
Added Pin To Net: NetName=VCC2LOW Pin=D7-2
Added Pin To Net: NetName=VCC2LOW Pin=D8-2
Added Pin To Net: NetName=Net*1_2 Pin=D9-2
Added Pin To Net: NetName=Net*3_2 Pin=D10-2
Added Pin To Net: NetName=NetD7_1 Pin=D7-1
Added Pin To Net: NetName=NetD7_1 Pin=R18-2
Added Net: Name=NetD7_1
Added Pin To Net: NetName=NetD8_1 Pin=D8-1
Added Pin To Net: NetName=NetD8_1 Pin=R19-2
Added Net: Name=NetD8_1
Added Pin To Net: NetName=NetD9_1 Pin=D9-1
Added Pin To Net: NetName=NetD9_1 Pin=R8-1
Added Net: Name=NetD9_1
Added Pin To Net: NetName=NetD10_1 Pin=D10-1
Added Pin To Net: NetName=NetD10_1 Pin=R17-1
Added Net: Name=NetD10_1
Added Room: Name=Sheet1
