Removed Pin From Net: NetName=GND Pin=P4-5
Removed Pin From Net: NetName=P17 Pin=U3-1
Removed Pin From Net: NetName=P16 Pin=U3-2
Removed Pin From Net: NetName=P14 Pin=U3-3
Removed Pin From Net: NetName=P13 Pin=U3-4
Removed Pin From Net: NetName=P11 Pin=U3-5
Removed Pin From Net: NetName=NetQ4_E Pin=U3-6
Removed Pin From Net: NetName=P10 Pin=U3-7
Removed Pin From Net: NetName=NetQ3_E Pin=U3-8
Removed Pin From Net: NetName=NetQ2_E Pin=U3-9
Removed Pin From Net: NetName=P12 Pin=U3-10
Removed Pin From Net: NetName=P15 Pin=U3-11
Removed Pin From Net: NetName=NetQ1_E Pin=U3-12
Removed Pin From Net: NetName=RXD Pin=U5-3
Removed Pin From Net: NetName=TXD Pin=U5-4
Change Component Footprint: Designator=U3 Old Footprint=0.4英寸 4位共阳数码管 New Footprint=ZMR2405S
Change Component Comment : Designator=U3 Old Comment=四位共阳数码管 New Comment=ZMR1205S
Change Component Designator: OldDesignator=U4 NewDesignator=U5
Change Component Designator: OldDesignator=U5 NewDesignator=U6
Added Component: Designator=BAT1(BATTERY)
Added Component: Designator=C3(铝电解电容6x7)
Added Component: Designator=C6(0805C)
Added Component: Designator=C7(铝电解电容6x7)
Added Component: Designator=C8(CAP 3216X06M)
Added Component: Designator=C9(0805C)
Added Component: Designator=C10(0805C)
Added Component: Designator=C11(0805C)
Added Component: Designator=C12(0805C)
Added Component: Designator=C13(0805C)
Added Component: Designator=C14(0805C)
Added Component: Designator=C15(0805C)
Added Component: Designator=D2(led-5mm)
Added Component: Designator=D3(led-5mm)
Added Component: Designator=D4(二极管贴片)
Added Component: Designator=D5(二极管贴片)
Added Component: Designator=D6(二极管贴片)
Added Component: Designator=D7(0805AK)
Added Component: Designator=DS1(SOP-8)
Added Component: Designator=P2(HDR1X3)
Added Component: Designator=Q5(SOT-23-EBC)
Added Component: Designator=R1(0805R)
Added Component: Designator=R2(0805R)
Added Component: Designator=R6(0805R)
Added Component: Designator=R7(0805R)
Added Component: Designator=R8(0805R)
Added Component: Designator=R9(0805R)
Added Component: Designator=R10(0805R)
Added Component: Designator=R11(0805R)
Added Component: Designator=R12(0805R)
Added Component: Designator=R13(0805R)
Added Component: Designator=R14(0805R)
Added Component: Designator=R15(0805R)
Added Component: Designator=R16(0805R)
Added Component: Designator=R17(0805R)
Added Component: Designator=R18(0805R)
Added Component: Designator=S1(key_1)
Added Component: Designator=U2(AMS1117)
Added Component: Designator=U4(0.4英寸 4位共阳数码管)
Added Component: Designator=U7(PC817)
Added Component: Designator=Y1(NX5032CA)
Added Pin To Net: NetName=GND Pin=BAT1-2
Added Pin To Net: NetName=GND Pin=C6-1
Added Pin To Net: NetName=VCC_5V Pin=C7-1
Added Pin To Net: NetName=GND Pin=C7-2
Added Pin To Net: NetName=VCC_3.3V Pin=C8-1
Added Pin To Net: NetName=GND Pin=C8-2
Added Pin To Net: NetName=GND Pin=C10-1
Added Pin To Net: NetName=VCC_5V Pin=C10-2
Added Pin To Net: NetName=GND Pin=C11-1
Added Pin To Net: NetName=VCC_3.3V Pin=C11-2
Added Pin To Net: NetName=GND Pin=C12-1
Added Pin To Net: NetName=VCC_5V Pin=C12-2
Added Pin To Net: NetName=RES_COUNT Pin=C13-2
Added Pin To Net: NetName=COUNT_NUM Pin=C14-2
Added Pin To Net: NetName=CYCLE Pin=C15-2
Added Pin To Net: NetName=VCC_3.3V Pin=D3-A
Added Pin To Net: NetName=VCC_3.3V Pin=D4-K
Added Pin To Net: NetName=Net*2_2 Pin=D7-K
Added Pin To Net: NetName=GND Pin=DS1-4
Added Pin To Net: NetName=NetP2_1 Pin=P2-1
Added Pin To Net: NetName=NetP2_2 Pin=P2-2
Added Pin To Net: NetName=NetP2_3 Pin=P2-3
Added Pin To Net: NetName=NetQ5_B Pin=Q5-B
Added Pin To Net: NetName=Net*2_2 Pin=Q5-C
Added Pin To Net: NetName=VCC_5V Pin=R2-2
Added Pin To Net: NetName=VCC_5V Pin=R6-1
Added Pin To Net: NetName=NetP2_2 Pin=R7-1
Added Pin To Net: NetName=VCC_3.3V Pin=R7-2
Added Pin To Net: NetName=KEY1 Pin=R8-1
Added Pin To Net: NetName=VCC_5V Pin=R8-2
Added Pin To Net: NetName=KEY2 Pin=R9-1
Added Pin To Net: NetName=VCC_5V Pin=R9-2
Added Pin To Net: NetName=Net*1_3 Pin=R10-1
Added Pin To Net: NetName=VCC_5V Pin=R10-2
Added Pin To Net: NetName=VCC_5V Pin=R12-1
Added Pin To Net: NetName=RXD Pin=R12-2
Added Pin To Net: NetName=TXD Pin=R13-1
Added Pin To Net: NetName=RXD Pin=R14-1
Added Pin To Net: NetName=Net*2_2 Pin=R15-2
Added Pin To Net: NetName=CTR Pin=R16-1
Added Pin To Net: NetName=NetQ5_B Pin=R17-2
Added Pin To Net: NetName=NetQ5_B Pin=R18-2
Added Pin To Net: NetName=GND Pin=S1-1
Added Pin To Net: NetName=NetP2_2 Pin=S1-2
Added Pin To Net: NetName=GND Pin=U2-1
Added Pin To Net: NetName=VCC_3.3V Pin=U2-2
Added Pin To Net: NetName=VCC_5V Pin=U2-3
Added Pin To Net: NetName=GND Pin=U3-3
Added Pin To Net: NetName=VCC_5V Pin=U3-4
Added Pin To Net: NetName=P17 Pin=U4-1
Added Pin To Net: NetName=P16 Pin=U4-2
Added Pin To Net: NetName=P14 Pin=U4-3
Added Pin To Net: NetName=P13 Pin=U4-4
Added Pin To Net: NetName=P11 Pin=U4-5
Added Pin To Net: NetName=NetQ4_E Pin=U4-6
Added Pin To Net: NetName=P10 Pin=U4-7
Added Pin To Net: NetName=NetQ3_E Pin=U4-8
Added Pin To Net: NetName=NetQ2_E Pin=U4-9
Added Pin To Net: NetName=P12 Pin=U4-10
Added Pin To Net: NetName=P15 Pin=U4-11
Added Pin To Net: NetName=NetQ1_E Pin=U4-12
Added Pin To Net: NetName=VCC_5V Pin=U7-1
Added Pin To Net: NetName=DS_I/O Pin=DS1-6
Added Pin To Net: NetName=DS_I/O Pin=U5-25
Added Net: Name=DS_I/O
Added Pin To Net: NetName=DS_RST Pin=DS1-5
Added Pin To Net: NetName=DS_RST Pin=R6-2
Added Pin To Net: NetName=DS_RST Pin=U5-26
Added Net: Name=DS_RST
Added Pin To Net: NetName=DS_SCLK Pin=DS1-7
Added Pin To Net: NetName=DS_SCLK Pin=U5-24
Added Net: Name=DS_SCLK
Added Pin To Net: NetName=NetBAT1_1 Pin=BAT1-1
Added Pin To Net: NetName=NetBAT1_1 Pin=DS1-8
Added Net: Name=NetBAT1_1
Added Pin To Net: NetName=NetC6_2 Pin=C6-2
Added Pin To Net: NetName=NetC6_2 Pin=DS1-1
Added Pin To Net: NetName=NetC6_2 Pin=R2-1
Added Net: Name=NetC6_2
Added Pin To Net: NetName=NetD2_A Pin=D2-A
Added Pin To Net: NetName=NetD2_A Pin=R1-1
Added Net: Name=NetD2_A
Added Pin To Net: NetName=NetD3_K Pin=D3-K
Added Pin To Net: NetName=NetD3_K Pin=U6-8
Added Net: Name=NetD3_K
Added Pin To Net: NetName=NetD5_A Pin=D5-A
Added Pin To Net: NetName=NetD5_A Pin=R15-1
Added Net: Name=NetD5_A
Added Pin To Net: NetName=NetD6_A Pin=D6-A
Added Pin To Net: NetName=NetD6_A Pin=R14-2
Added Net: Name=NetD6_A
Added Pin To Net: NetName=NetD7_A Pin=D7-A
Added Pin To Net: NetName=NetD7_A Pin=R11-2
Added Net: Name=NetD7_A
Added Pin To Net: NetName=NetDS1_2 Pin=DS1-2
Added Pin To Net: NetName=NetDS1_2 Pin=Y1-1
Added Net: Name=NetDS1_2
Added Pin To Net: NetName=NetDS1_3 Pin=DS1-3
Added Pin To Net: NetName=NetDS1_3 Pin=Y1-2
Added Net: Name=NetDS1_3
Added Pin To Net: NetName=NetR16_2 Pin=R16-2
Added Pin To Net: NetName=NetR16_2 Pin=U7-2
Added Net: Name=NetR16_2
Added Pin To Net: NetName=NetR17_1 Pin=R17-1
Added Pin To Net: NetName=NetR17_1 Pin=U7-3
Added Net: Name=NetR17_1
Added Pin To Net: NetName=POWER_GND Pin=C3-2
Added Pin To Net: NetName=POWER_GND Pin=C9-2
Added Pin To Net: NetName=POWER_GND Pin=C13-1
Added Pin To Net: NetName=POWER_GND Pin=C14-1
Added Pin To Net: NetName=POWER_GND Pin=C15-1
Added Pin To Net: NetName=POWER_GND Pin=D2-K
Added Pin To Net: NetName=POWER_GND Pin=P1-1
Added Pin To Net: NetName=POWER_GND Pin=P3-1
Added Pin To Net: NetName=POWER_GND Pin=P4-5
Added Pin To Net: NetName=POWER_GND Pin=Q5-E
Added Pin To Net: NetName=POWER_GND Pin=R18-1
Added Pin To Net: NetName=POWER_GND Pin=U3-2
Added Net: Name=POWER_GND
Added Pin To Net: NetName=UART_RXD Pin=D4-A
Added Pin To Net: NetName=UART_RXD Pin=R13-2
Added Pin To Net: NetName=UART_RXD Pin=U6-4
Added Net: Name=UART_RXD
Added Pin To Net: NetName=UART_TXD Pin=D6-K
Added Pin To Net: NetName=UART_TXD Pin=U6-3
Added Net: Name=UART_TXD
Added Pin To Net: NetName=VCC2LOW Pin=*2-3
Added Pin To Net: NetName=VCC2LOW Pin=*2-5
Added Pin To Net: NetName=VCC2LOW Pin=C3-1
Added Pin To Net: NetName=VCC2LOW Pin=C9-1
Added Pin To Net: NetName=VCC2LOW Pin=D5-K
Added Pin To Net: NetName=VCC2LOW Pin=P1-2
Added Pin To Net: NetName=VCC2LOW Pin=P4-1
Added Pin To Net: NetName=VCC2LOW Pin=R1-2
Added Pin To Net: NetName=VCC2LOW Pin=R11-1
Added Pin To Net: NetName=VCC2LOW Pin=U3-1
Added Pin To Net: NetName=VCC2LOW Pin=U7-4
Added Net: Name=VCC2LOW
Added Member To Class: ClassName=Sheet1 Member=Component BAT1 BATTERY
Added Member To Class: ClassName=Sheet1 Member=Component C3 220uF
Added Member To Class: ClassName=Sheet1 Member=Component C6 0.1uF
Added Member To Class: ClassName=Sheet1 Member=Component C7 220uF
Added Member To Class: ClassName=Sheet1 Member=Component C8 Cap Tantalum
Added Member To Class: ClassName=Sheet1 Member=Component C9 Cap1
Added Member To Class: ClassName=Sheet1 Member=Component C10 0.1uF
Added Member To Class: ClassName=Sheet1 Member=Component C11 0.1uF
Added Member To Class: ClassName=Sheet1 Member=Component C12 0.1uF
Added Member To Class: ClassName=Sheet1 Member=Component C13 0.1uF
Added Member To Class: ClassName=Sheet1 Member=Component C14 0.1uF
Added Member To Class: ClassName=Sheet1 Member=Component C15 0.1uF
Added Member To Class: ClassName=Sheet1 Member=Component D2 LED0
Added Member To Class: ClassName=Sheet1 Member=Component D3 LED0
Added Member To Class: ClassName=Sheet1 Member=Component D4 1N4148
Added Member To Class: ClassName=Sheet1 Member=Component D5 1N4148
Added Member To Class: ClassName=Sheet1 Member=Component D6 1N4148
Added Member To Class: ClassName=Sheet1 Member=Component D7 GREEN
Added Member To Class: ClassName=Sheet1 Member=Component DS1 U?
Added Member To Class: ClassName=Sheet1 Member=Component P2 Header 3
Added Member To Class: ClassName=Sheet1 Member=Component Q5 8050
Added Member To Class: ClassName=Sheet1 Member=Component R1 Res Semi
Added Member To Class: ClassName=Sheet1 Member=Component R2 Res Semi
Added Member To Class: ClassName=Sheet1 Member=Component R6 Res Semi
Added Member To Class: ClassName=Sheet1 Member=Component R7 Res1
Added Member To Class: ClassName=Sheet1 Member=Component R8 Res Semi
Added Member To Class: ClassName=Sheet1 Member=Component R9 Res Semi
Added Member To Class: ClassName=Sheet1 Member=Component R10 Res Semi
Added Member To Class: ClassName=Sheet1 Member=Component R11 Res Semi
Added Member To Class: ClassName=Sheet1 Member=Component R12 Res Semi
Added Member To Class: ClassName=Sheet1 Member=Component R13 Res Semi
Added Member To Class: ClassName=Sheet1 Member=Component R14 Res Semi
Added Member To Class: ClassName=Sheet1 Member=Component R15 Res Semi
Added Member To Class: ClassName=Sheet1 Member=Component R16 Res Semi
Added Member To Class: ClassName=Sheet1 Member=Component R17 Res Semi
Added Member To Class: ClassName=Sheet1 Member=Component R18 Res Semi
Added Member To Class: ClassName=Sheet1 Member=Component S1 SW-PB
Added Member To Class: ClassName=Sheet1 Member=Component U2 AMS1117-3.3
Added Member To Class: ClassName=Sheet1 Member=Component U6 USR-WIFI232-A
Added Member To Class: ClassName=Sheet1 Member=Component U7 PC817
Added Member To Class: ClassName=Sheet1 Member=Component Y1 XTAL
Added Room: Name=Sheet1
