Removed Pin From Net: NetName=VCC12V Pin=C1-1
Removed Pin From Net: NetName=AGND Pin=C1-2
Removed Pin From Net: NetName=GND Pin=C2-2
Removed Pin From Net: NetName=VCC_3.3V Pin=C3-1
Removed Pin From Net: NetName=GND Pin=C3-2
Removed Pin From Net: NetName=AGND Pin=C4-1
Removed Pin From Net: NetName=VCC12V Pin=C4-2
Removed Pin From Net: NetName=GND Pin=C5-1
Removed Pin From Net: NetName=VCC_5V Pin=C5-2
Removed Pin From Net: NetName=COUNT_NUM Pin=C9-2
Removed Pin From Net: NetName=AGND Pin=D1-K
Removed Pin From Net: NetName=VCC12V Pin=R1-2
Removed Pin From Net: NetName=GND Pin=R2-1
Removed Pin From Net: NetName=AGND Pin=R2-2
Removed Pin From Net: NetName=GND Pin=U1-1
Removed Pin From Net: NetName=VCC_3.3V Pin=U1-2
Removed Pin From Net: NetName=VCC_5V Pin=U1-3
Change Component Footprint: Designator=U1 Old Footprint=AMS1117 New Footprint=8205S
Change Component Footprint: Designator=C3 Old Footprint=CAP 3216X06M New Footprint=0805C
Change Component Footprint: Designator=C9 Old Footprint=CAP-1 New Footprint=0805C
Change Component Footprint: Designator=D1 Old Footprint=led-5mm New Footprint=贴片二极管
Change Component Footprint: Designator=C1 Old Footprint=铝电解电容6x7 New Footprint=0805C
Change Component Footprint: Designator=C2 Old Footprint=铝电解电容6x7 New Footprint=RB-8MM
Change Component Comment : Designator=C4 Old Comment=0.1uF New Comment=Cap1
Change Component Comment : Designator=C1 Old Comment=220uF New Comment=Cap1
Change Component Comment : Designator=C2 Old Comment=220uF New Comment=Cap Poll
Change Component Comment : Designator=U1 Old Comment=AMS1117-3.3 New Comment=RT8259
Change Component Comment : Designator=C3 Old Comment=Cap Tantalum New Comment=Cap1
Change Component Comment : Designator=D1 Old Comment=LED0 New Comment=1N5819
Change Component Comment : Designator=R2 Old Comment=Res Semi New Comment=Res1
Change Component Comment : Designator=R1 Old Comment=Res Semi New Comment=Res1
Change Component Designator: OldDesignator=C6 NewDesignator=C10
Change Component Designator: OldDesignator=C7 NewDesignator=C11
Change Component Designator: OldDesignator=C8 NewDesignator=C12
Change Component Designator: OldDesignator=C10 NewDesignator=C14
Change Component Designator: OldDesignator=D2 NewDesignator=D3
Change Component Designator: OldDesignator=D3 NewDesignator=D4
Change Component Designator: OldDesignator=D4 NewDesignator=D5
Change Component Designator: OldDesignator=R3 NewDesignator=R5
Change Component Designator: OldDesignator=R4 NewDesignator=R6
Change Component Designator: OldDesignator=R5 NewDesignator=R7
Change Component Designator: OldDesignator=R6 NewDesignator=R8
Change Component Designator: OldDesignator=R7 NewDesignator=R9
Change Component Designator: OldDesignator=R8 NewDesignator=R10
Change Component Designator: OldDesignator=R9 NewDesignator=R11
Change Component Designator: OldDesignator=R10 NewDesignator=R12
Change Component Designator: OldDesignator=R11 NewDesignator=R13
Change Component Designator: OldDesignator=U2 NewDesignator=U3
Change Component Designator: OldDesignator=U3 NewDesignator=U4
Change Component Designator: OldDesignator=U4 NewDesignator=U5
Change Component Designator: OldDesignator=U5 NewDesignator=U6
Change Component Designator: OldDesignator=U6 NewDesignator=U7
Added Component: Designator=C5(铝电解电容6x7)
Added Component: Designator=C6(铝电解电容6x7)
Added Component: Designator=C7(CAP 3216X06M)
Added Component: Designator=C8(0805C)
Added Component: Designator=C13(CAP-1)
Added Component: Designator=D2(led-5mm)
Added Component: Designator=L1(贴片电感7x7x3)
Added Component: Designator=R3(0805R)
Added Component: Designator=R4(0805R)
Added Component: Designator=U2(AMS1117)
Added Pin To Net: NetName=VCC_5V Pin=C3-1
Added Pin To Net: NetName=VCC12V Pin=C5-1
Added Pin To Net: NetName=AGND Pin=C5-2
Added Pin To Net: NetName=VCC_5V Pin=C6-1
Added Pin To Net: NetName=GND Pin=C6-2
Added Pin To Net: NetName=VCC_3.3V Pin=C7-1
Added Pin To Net: NetName=GND Pin=C7-2
Added Pin To Net: NetName=AGND Pin=C8-1
Added Pin To Net: NetName=VCC12V Pin=C8-2
Added Pin To Net: NetName=VCC_5V Pin=C9-2
Added Pin To Net: NetName=GND Pin=C13-1
Added Pin To Net: NetName=COUNT_NUM Pin=C13-2
Added Pin To Net: NetName=AGND Pin=D2-K
Added Pin To Net: NetName=VCC_5V Pin=L1-2
Added Pin To Net: NetName=VCC_5V Pin=R2-2
Added Pin To Net: NetName=VCC12V Pin=R3-2
Added Pin To Net: NetName=GND Pin=R4-1
Added Pin To Net: NetName=AGND Pin=R4-2
Added Pin To Net: NetName=GND Pin=U2-1
Added Pin To Net: NetName=VCC_3.3V Pin=U2-2
Added Pin To Net: NetName=VCC_5V Pin=U2-3
Change Net Name : Old Net Name=NetD2_K New Net Name=NetD3_K
Change Net Name : Old Net Name=NetD3_A New Net Name=NetD4_A
Change Net Name : Old Net Name=NetD4_A New Net Name=NetD5_A
Change Net Name : Old Net Name=NetR9_2 New Net Name=NetR11_2
Change Net Name : Old Net Name=NetR10_1 New Net Name=NetR12_1
Added Pin To Net: NetName=NetC1_1 Pin=C1-1
Added Pin To Net: NetName=NetC1_1 Pin=D1-2
Added Pin To Net: NetName=NetC1_1 Pin=L1-1
Added Pin To Net: NetName=NetC1_1 Pin=U1-6
Added Net: Name=NetC1_1
Added Pin To Net: NetName=NetC1_2 Pin=C1-2
Added Pin To Net: NetName=NetC1_2 Pin=U1-1
Added Net: Name=NetC1_2
Added Pin To Net: NetName=NetD2_A Pin=D2-A
Added Pin To Net: NetName=NetD2_A Pin=R3-1
Added Net: Name=NetD2_A
Added Pin To Net: NetName=NetR1_1 Pin=R1-1
Added Pin To Net: NetName=NetR1_1 Pin=R2-1
Added Pin To Net: NetName=NetR1_1 Pin=U1-3
Added Net: Name=NetR1_1
Added Pin To Net: NetName=POWER_GND Pin=C2-2
Added Pin To Net: NetName=POWER_GND Pin=C3-2
Added Pin To Net: NetName=POWER_GND Pin=C4-2
Added Pin To Net: NetName=POWER_GND Pin=D1-1
Added Pin To Net: NetName=POWER_GND Pin=R1-2
Added Pin To Net: NetName=POWER_GND Pin=U1-2
Added Net: Name=POWER_GND
Added Pin To Net: NetName=VCC2LOW Pin=C4-1
Added Pin To Net: NetName=VCC2LOW Pin=U1-5
Added Net: Name=VCC2LOW
Added Member To Class: ClassName=Sheet1 Member=Component C11 0.1uF
Added Member To Class: ClassName=Sheet1 Member=Component C12 0.1uF
Added Member To Class: ClassName=Sheet1 Member=Component C13 0.1uF
Added Member To Class: ClassName=Sheet1 Member=Component C14 0.1uF
Added Member To Class: ClassName=Sheet1 Member=Component D5 GREEN
Added Member To Class: ClassName=Sheet1 Member=Component L1 Inductor
Added Member To Class: ClassName=Sheet1 Member=Component R12 Res Semi
Added Member To Class: ClassName=Sheet1 Member=Component R13 Res Semi
Added Member To Class: ClassName=Sheet1 Member=Component U7 PC817
Added Room: Name=Sheet1
