Removed Pin From Net: NetName=TXD Pin=P4-1
Removed Pin From Net: NetName=RXD Pin=P7-2
Removed Pin From Net: NetName=VCC2LOW Pin=R6-1
Removed Pin From Net: NetName=NetD5_A Pin=R6-2
Removed Member From Class: ClassName=Sheet1 Member=P6
Removed Member From Class: ClassName=Sheet1 Member=P7
Change Component Designator: OldDesignator=P5 NewDesignator=P4
Change Component Designator: OldDesignator=P6 NewDesignator=P5
Change Component Designator: OldDesignator=R7 NewDesignator=R8
Change Component Designator: OldDesignator=R8 NewDesignator=R9
Change Component Designator: OldDesignator=R9 NewDesignator=R10
Change Component Designator: OldDesignator=R10 NewDesignator=R11
Change Component Designator: OldDesignator=R11 NewDesignator=R12
Change Component Designator: OldDesignator=R12 NewDesignator=R13
Change Component Designator: OldDesignator=R13 NewDesignator=R14
Change Component Designator: OldDesignator=R14 NewDesignator=R15
Change Component Designator: OldDesignator=R15 NewDesignator=R16
Change Component Designator: OldDesignator=R16 NewDesignator=R17
Change Component Designator: OldDesignator=R17 NewDesignator=R18
Change Component Designator: OldDesignator=R18 NewDesignator=R19
Change Component Designator: OldDesignator=R19 NewDesignator=R20
Change Component Designator: OldDesignator=R20 NewDesignator=R21
Change Component Designator: OldDesignator=R21 NewDesignator=R22
Change Component Designator: OldDesignator=R22 NewDesignator=R23
Change Component Designator: OldDesignator=R23 NewDesignator=R24
Change Component Designator: OldDesignator=R24 NewDesignator=R25
Change Component Designator: OldDesignator=R25 NewDesignator=R26
Change Component Designator: OldDesignator=R26 NewDesignator=R27
Change Component Designator: OldDesignator=S? NewDesignator=S4
Added Component: Designator=R7(0805R)
Added Pin To Net: NetName=VCC2LOW Pin=R7-1
Added Pin To Net: NetName=NetD5_A Pin=R7-2
Added Pin To Net: NetName=TXD Pin=S4-1
Added Pin To Net: NetName=RXD Pin=S4-5
Change Net Name : Old Net Name=NetR10_2 New Net Name=NetR11_2
Change Net Name : Old Net Name=NetR11_1 New Net Name=NetR12_1
Change Net Name : Old Net Name=NetR14_2 New Net Name=NetR15_2
Change Net Name : Old Net Name=NetR15_1 New Net Name=NetR16_1
Change Net Name : Old Net Name=NetR24_2 New Net Name=NetR25_2
Change Net Name : Old Net Name=NetR25_1 New Net Name=NetR26_1
Added Pin To Net: NetName=NetR21_1 Pin=R21-1
Added Pin To Net: NetName=NetR21_1 Pin=S4-3
Added Net: Name=NetR21_1
Added Pin To Net: NetName=NetR22_1 Pin=R22-1
Added Pin To Net: NetName=NetR22_1 Pin=S4-6
Added Net: Name=NetR22_1
Added Member To Class: ClassName=Sheet1 Member=Component R27 Res Semi
