Removed Pin From Net: NetName=LED2A Pin=*1-1
Removed Pin From Net: NetName=VCC2LOW Pin=*1-3
Removed Pin From Net: NetName=LED1A Pin=*2-1
Removed Pin From Net: NetName=VCC2LOW Pin=*2-3
Removed Pin From Net: NetName=VCC2LOW Pin=*2-5
Removed Pin From Net: NetName=VCC2LOW Pin=D3-K
Removed Pin From Net: NetName=GND12V Pin=P4-1
Removed Pin From Net: NetName=VCC2LOW Pin=P5-1
Removed Pin From Net: NetName=RES_COUNT Pin=P5-2
Removed Pin From Net: NetName=COUNT_NUM Pin=P5-3
Removed Pin From Net: NetName=CYCLE Pin=P5-4
Removed Pin From Net: NetName=GND Pin=P5-5
Removed Pin From Net: NetName=VCC_5V Pin=P6-1
Removed Pin From Net: NetName=GND Pin=P6-2
Removed Pin From Net: NetName=TXD Pin=P6-3
Removed Pin From Net: NetName=RXD Pin=P6-4
Removed Pin From Net: NetName=GND12V Pin=Q6-E
Removed Pin From Net: NetName=VCC2LOW Pin=R6-2
Removed Pin From Net: NetName=LED1 Pin=R12-2
Removed Pin From Net: NetName=LED2 Pin=R14-2
Removed Pin From Net: NetName=GND12V Pin=R17-1
Removed Pin From Net: NetName=CTR Pin=R24-1
Removed Pin From Net: NetName=VCC2LOW Pin=U6-4
Removed Pin From Net: NetName=VCC_5V Pin=U7-1
Removed Pin From Net: NetName=VCC2LOW Pin=U7-4
Removed Member From Class: ClassName=Sheet1 Member=P4
Removed Member From Class: ClassName=Sheet1 Member=P5
Change Component Footprint: Designator=P6 Old Footprint=HDR1X4 New Footprint=5.08_2P
Change Component Comment : Designator=P6 Old Comment=下载接口 New Comment=Header 5
Change Component Designator: OldDesignator=*1 NewDesignator=*2
Change Component Designator: OldDesignator=*3 NewDesignator=*1
Change Component Designator: OldDesignator=D5 NewDesignator=D6
Change Component Designator: OldDesignator=D8 NewDesignator=D3
Change Component Designator: OldDesignator=D10 NewDesignator=D5
Change Component Designator: OldDesignator=J? NewDesignator=J1
Change Component Designator: OldDesignator=P2 NewDesignator=P3
Change Component Designator: OldDesignator=P3 NewDesignator=P4
Change Component Designator: OldDesignator=P7 NewDesignator=P8
Change Component Designator: OldDesignator=Q5 NewDesignator=Q6
Change Component Designator: OldDesignator=Q7 NewDesignator=Q5
Change Component Designator: OldDesignator=R3 NewDesignator=R4
Change Component Designator: OldDesignator=R4 NewDesignator=R3
Change Component Designator: OldDesignator=R5 NewDesignator=R7
Change Component Designator: OldDesignator=R7 NewDesignator=R5
Change Component Designator: OldDesignator=R8 NewDesignator=R9
Change Component Designator: OldDesignator=R10 NewDesignator=R12
Change Component Designator: OldDesignator=R11 NewDesignator=R14
Change Component Designator: OldDesignator=R14 NewDesignator=R15
Change Component Designator: OldDesignator=R15 NewDesignator=R16
Change Component Designator: OldDesignator=R16 NewDesignator=R17
Change Component Designator: OldDesignator=R18 NewDesignator=R6
Change Component Designator: OldDesignator=R22 NewDesignator=R8
Change Component Designator: OldDesignator=R24 NewDesignator=R10
Change Component Designator: OldDesignator=R25 NewDesignator=R11
Change Component Designator: OldDesignator=R26 NewDesignator=R13
Change Component Designator: OldDesignator=U3 NewDesignator=U4
Change Component Designator: OldDesignator=U4 NewDesignator=U5
Change Component Designator: OldDesignator=U5 NewDesignator=U3
Change Component Designator: OldDesignator=U6 NewDesignator=U7
Change Component Designator: OldDesignator=U8 NewDesignator=U6
Added Component: Designator=*3(6脚继电器)
Added Component: Designator=D8(二极管贴片)
Added Component: Designator=D10(0805AK)
Added Component: Designator=P7(HDR1X4)
Added Component: Designator=Q7(SOT-23-EBC)
Added Component: Designator=R18(0805R)
Added Component: Designator=R22(0805R)
Added Component: Designator=R24(0805R)
Added Component: Designator=R25(0805R)
Added Component: Designator=R26(0805R)
Added Component: Designator=U8(PC817)
Added Pin To Net: NetName=LED2A Pin=*1-1
Added Pin To Net: NetName=LED1A Pin=*3-1
Added Pin To Net: NetName=VCC2LOW Pin=*3-3
Added Pin To Net: NetName=VCC2LOW Pin=*3-5
Added Pin To Net: NetName=VCC2LOW Pin=D8-K
Added Pin To Net: NetName=VCC2LOW Pin=P6-1
Added Pin To Net: NetName=RES_COUNT Pin=P6-2
Added Pin To Net: NetName=VCC_5V Pin=P7-1
Added Pin To Net: NetName=GND Pin=P7-2
Added Pin To Net: NetName=TXD Pin=P7-3
Added Pin To Net: NetName=RXD Pin=P7-4
Added Pin To Net: NetName=GND12V Pin=Q7-E
Added Pin To Net: NetName=LED2 Pin=R10-1
Added Pin To Net: NetName=CTR Pin=R15-2
Added Pin To Net: NetName=VCC2LOW Pin=R18-1
Added Pin To Net: NetName=LED1 Pin=R24-1
Added Pin To Net: NetName=GND12V Pin=R26-1
Added Pin To Net: NetName=VCC_5V Pin=U8-1
Added Pin To Net: NetName=VCC2LOW Pin=U8-4
Change Net Name : Old Net Name=Net*1_2 New Net Name=Net*2_2
Change Net Name : Old Net Name=Net*3_2 New Net Name=Net*1_2
Change Net Name : Old Net Name=NetD5_A New Net Name=NetD6_A
Change Net Name : Old Net Name=NetD8_A New Net Name=NetD3_A
Change Net Name : Old Net Name=NetD10_A New Net Name=NetD5_A
Change Net Name : Old Net Name=NetP3_2 New Net Name=NetP4_2
Change Net Name : Old Net Name=NetP7_1 New Net Name=NetP8_1
Change Net Name : Old Net Name=NetQ5_B New Net Name=NetQ6_B
Change Net Name : Old Net Name=NetQ7_B New Net Name=NetQ5_B
Change Net Name : Old Net Name=NetR7_1 New Net Name=NetR5_1
Change Net Name : Old Net Name=NetR11_2 New Net Name=NetR14_2
Change Net Name : Old Net Name=NetR14_1 New Net Name=NetR15_1
Change Net Name : Old Net Name=NetR24_2 New Net Name=NetR10_2
Change Net Name : Old Net Name=NetR25_1 New Net Name=NetR11_1
Added Pin To Net: NetName=Net*2_1 Pin=*2-1
Added Pin To Net: NetName=Net*2_1 Pin=P6-1
Added Net: Name=Net*2_1
Added Pin To Net: NetName=Net*2_3 Pin=*2-3
Added Pin To Net: NetName=Net*2_3 Pin=P6-2
Added Net: Name=Net*2_3
Added Pin To Net: NetName=Net*3_2 Pin=*3-2
Added Pin To Net: NetName=Net*3_2 Pin=D10-K
Added Pin To Net: NetName=Net*3_2 Pin=Q7-C
Added Pin To Net: NetName=Net*3_2 Pin=R22-2
Added Net: Name=Net*3_2
Added Pin To Net: NetName=NetD8_A Pin=D8-A
Added Pin To Net: NetName=NetD8_A Pin=R22-1
Added Net: Name=NetD8_A
Added Pin To Net: NetName=NetD10_A Pin=D10-A
Added Pin To Net: NetName=NetD10_A Pin=R18-2
Added Net: Name=NetD10_A
Added Pin To Net: NetName=NetQ7_B Pin=Q7-B
Added Pin To Net: NetName=NetQ7_B Pin=R25-2
Added Pin To Net: NetName=NetQ7_B Pin=R26-2
Added Net: Name=NetQ7_B
Added Pin To Net: NetName=NetR24_2 Pin=R24-2
Added Pin To Net: NetName=NetR24_2 Pin=U8-2
Added Net: Name=NetR24_2
Added Pin To Net: NetName=NetR25_1 Pin=R25-1
Added Pin To Net: NetName=NetR25_1 Pin=U8-3
Added Net: Name=NetR25_1
Added Member To Class: ClassName=Sheet1 Member=Component P8 Header 2
