Removed Pin From Net: NetName=LED2A Pin=*1-1
Removed Pin From Net: NetName=Net*1_2 Pin=*1-2
Removed Pin From Net: NetName=VCC2LOW Pin=*1-3
Removed Pin From Net: NetName=VCC2LOW Pin=*1-5
Removed Pin From Net: NetName=Net*2_2 Pin=*2-2
Removed Pin From Net: NetName=VCC2LOW Pin=*2-5
Removed Pin From Net: NetName=LED1A Pin=*3-1
Removed Pin From Net: NetName=Net*3_2 Pin=*3-2
Removed Pin From Net: NetName=VCC2LOW Pin=*3-3
Removed Pin From Net: NetName=VCC2LOW Pin=*3-5
Removed Pin From Net: NetName=VCC_5V Pin=U6-1
Removed Pin From Net: NetName=NetR10_2 Pin=U6-2
Removed Pin From Net: NetName=NetR11_1 Pin=U6-3
Removed Pin From Net: NetName=VCC_5V Pin=U7-1
Removed Pin From Net: NetName=NetR15_1 Pin=U7-2
Removed Pin From Net: NetName=NetR14_2 Pin=U7-3
Removed Member From Class: ClassName=Sheet1 Member=*1
Removed Member From Class: ClassName=Sheet1 Member=*2
Removed Member From Class: ClassName=Sheet1 Member=*2
Removed Member From Class: ClassName=Sheet1 Member=*3
Removed Member From Class: ClassName=Sheet1 Member=U?
Change Component Footprint: Designator=U6 Old Footprint=PC817 New Footprint=HK4100F-DC5V-SHG
Change Component Footprint: Designator=U7 Old Footprint=PC817 New Footprint=HK4100F-DC5V-SHG
Change Component Comment : Designator=U7 Old Comment=PC817 New Comment=HK4100F-DCXV-SHG
Change Component Comment : Designator=U6 Old Comment=PC817 New Comment=HK4100F-DCXV-SHG
Change Component Designator: OldDesignator=U8 NewDesignator=U11
Added Component: Designator=U8(PC817)
Added Component: Designator=U9(PC817)
Added Component: Designator=U10(HK4100F-DC5V-SHG)
Added Pin To Net: NetName=VCC2LOW Pin=U6-1
Added Pin To Net: NetName=VCC2LOW Pin=U6-1
Added Pin To Net: NetName=LED2A Pin=U6-3
Added Pin To Net: NetName=Net*1_2 Pin=U6-5
Added Pin To Net: NetName=VCC2LOW Pin=U7-4
Added Pin To Net: NetName=Net*2_2 Pin=U7-5
Added Pin To Net: NetName=VCC_5V Pin=U8-1
Added Pin To Net: NetName=NetR10_2 Pin=U8-2
Added Pin To Net: NetName=NetR11_1 Pin=U8-3
Added Pin To Net: NetName=VCC2LOW Pin=U8-4
Added Pin To Net: NetName=VCC_5V Pin=U9-1
Added Pin To Net: NetName=NetR15_1 Pin=U9-2
Added Pin To Net: NetName=NetR14_2 Pin=U9-3
Added Pin To Net: NetName=VCC2LOW Pin=U10-1
Added Pin To Net: NetName=VCC2LOW Pin=U10-1
Added Pin To Net: NetName=LED1A Pin=U10-3
Added Pin To Net: NetName=VCC2LOW Pin=U10-4
Added Pin To Net: NetName=Net*3_2 Pin=U10-5
Change Net Name : Old Net Name=Net*1_2 New Net Name=NetD5_K
Change Net Name : Old Net Name=Net*2_2 New Net Name=NetD6_K
Change Net Name : Old Net Name=Net*3_2 New Net Name=NetD10_K
Added Pin To Net: NetName=NetP2_1 Pin=P2-1
Added Pin To Net: NetName=NetP2_1 Pin=U7-3
Added Net: Name=NetP2_1
Added Pin To Net: NetName=NetP2_2 Pin=P2-2
Added Pin To Net: NetName=NetP2_2 Pin=U7-1
Added Pin To Net: NetName=NetP2_2 Pin=U7-1
Added Net: Name=NetP2_2
Added Member To Class: ClassName=Sheet1 Member=Component U9 PC817
Added Member To Class: ClassName=Sheet1 Member=Component U10 HK4100F-DCXV-SHG
Added Member To Class: ClassName=Sheet1 Member=Component U11 PC817
Added Room: Name=Sheet1
