Removed Pin From Net: NetName=POWER_GND Pin=C8-2
Removed Pin From Net: NetName=POWER_GND Pin=U3-2
Removed Pin From Net: NetName=GND Pin=U3-3
Removed Pin From Net: NetName=VCC_5V Pin=U3-4
Removed Pin From Net: NetName=DS_SCLK Pin=U5-24
Removed Pin From Net: NetName=DS_RST Pin=U5-26
Removed Member From Class: ClassName=Sheet1 Member=C17
Removed Member From Class: ClassName=Sheet1 Member=C17
Change Component Designator: OldDesignator=C10 NewDesignator=C7
Change Component Designator: OldDesignator=C11 NewDesignator=C8
Change Component Designator: OldDesignator=C12 NewDesignator=C9
Change Component Designator: OldDesignator=C13 NewDesignator=C10
Change Component Designator: OldDesignator=C14 NewDesignator=C11
Change Component Designator: OldDesignator=C15 NewDesignator=C12
Change Component Designator: OldDesignator=C16 NewDesignator=C13
Change Component Designator: OldDesignator=C17 NewDesignator=C14
Change Component Designator: OldDesignator=U4 NewDesignator=U3
Change Component Designator: OldDesignator=U5 NewDesignator=U4
Change Component Designator: OldDesignator=U6 NewDesignator=U5
Change Component Designator: OldDesignator=U7 NewDesignator=U6
Added Pin To Net: NetName=VCC_5V Pin=C2-1
Added Pin To Net: NetName=VCC_5V Pin=C4-1
Added Pin To Net: NetName=VCC_5V Pin=L1-2
Added Pin To Net: NetName=VCC_5V Pin=R5-2
Added Pin To Net: NetName=DS_RST Pin=U4-24
