Removed Pin From Net: NetName=LED1 Pin=*1-1
Removed Pin From Net: NetName=LED2 Pin=*1-2
Removed Pin From Net: NetName=VCC2LOW Pin=P1-2
Removed Pin From Net: NetName=VCC_5V Pin=R8-2
Removed Pin From Net: NetName=RXD Pin=R10-2
Removed Pin From Net: NetName=TXD Pin=R11-1
Removed Pin From Net: NetName=RXD Pin=R12-1
Removed Pin From Net: NetName=VCC_3.3V Pin=U1-4
Change Component DesignItemId : Designator=P1 Old DesignItemId=Header 2 New DesignItemId=Header 3
Change Component DesignItemId : Designator=*1 Old DesignItemId=双色发光二极管-1 New DesignItemId=继电器
Change Component Footprint: Designator=P1 Old Footprint=5.08_2P New Footprint=HDR1X3
Change Component Footprint: Designator=*1 Old Footprint=LED0.1D-1 New Footprint=6脚继电器
Change Component Comment : Designator=P1 Old Comment=Header 2 New Comment=caution light
Change Component Comment : Designator=*1 Old Comment=双色发光二极管-1 New Comment=继电器
Change Component Designator: OldDesignator=DS1 NewDesignator=DS1302
Change Component Library : Designator=R8 Old Library=Miscellaneous Devices.IntLib New Library=counter.SCHLIB
Added Component: Designator=*3(6脚继电器)
Added Component: Designator=D7(DO41-10)
Added Component: Designator=D8(DO41-10)
Added Component: Designator=D9(led-5mm)
Added Component: Designator=D10(led-5mm)
Added Component: Designator=DC_IN1(DC10B)
Added Component: Designator=P6(HDR1X2)
Added Component: Designator=P7(HDR1X2)
Added Component: Designator=Q6(TO-92)
Added Component: Designator=Q7(TO-92)
Added Component: Designator=R17(0805R)
Added Component: Designator=R18(0805R)
Added Component: Designator=R19(0805R)
Added Component: Designator=R20(0805R)
Added Component: Designator=R21(0805R)
Added Component: Designator=R22(0805R)
Added Component: Designator=R23(0805R)
Added Component: Designator=R24(0805R)
Added Component: Designator=R25(0805R)
Added Component: Designator=U7(DIP-4)
Added Component: Designator=U8(DIP-4)
Added Pin To Net: NetName=VCC2LOW Pin=*1-3
Added Pin To Net: NetName=VCC2LOW Pin=*1-5
Added Pin To Net: NetName=VCC2LOW Pin=*3-3
Added Pin To Net: NetName=VCC2LOW Pin=*3-5
Added Pin To Net: NetName=GND Pin=C2-2
Added Pin To Net: NetName=GND Pin=C5-2
Added Pin To Net: NetName=GND Pin=C9-1
Added Pin To Net: NetName=GND Pin=C10-1
Added Pin To Net: NetName=GND Pin=C11-1
Added Pin To Net: NetName=GND Pin=D1-K
Added Pin To Net: NetName=VCC2LOW Pin=D7-K
Added Pin To Net: NetName=VCC2LOW Pin=D8-K
Added Pin To Net: NetName=VCC2LOW Pin=DC_IN1-1
Added Pin To Net: NetName=GND Pin=DC_IN1-2
Added Pin To Net: NetName=GND Pin=DC_IN1-3
Added Pin To Net: NetName=GND Pin=P1-2
Added Pin To Net: NetName=GND Pin=P3-1
Added Pin To Net: NetName=GND Pin=P4-5
Added Pin To Net: NetName=TXD Pin=P6-1
Added Pin To Net: NetName=GND Pin=Q5-E
Added Pin To Net: NetName=VCC2LOW Pin=R8-2
Added Pin To Net: NetName=GND Pin=R16-1
Added Pin To Net: NetName=VCC2LOW Pin=R17-2
Added Pin To Net: NetName=LED1 Pin=R21-2
Added Pin To Net: NetName=LED2 Pin=R23-2
Added Pin To Net: NetName=GND Pin=R24-1
Added Pin To Net: NetName=GND Pin=R25-1
Added Pin To Net: NetName=GND Pin=U2-2
Added Pin To Net: NetName=VCC_5V Pin=U7-1
Added Pin To Net: NetName=VCC2LOW Pin=U7-4
Added Pin To Net: NetName=VCC_5V Pin=U8-1
Added Pin To Net: NetName=VCC2LOW Pin=U8-4
Change Net Name : Old Net Name=NetDS1_2 New Net Name=NetDS1302_2
Change Net Name : Old Net Name=NetDS1_3 New Net Name=NetDS1302_3
Added Pin To Net: NetName=LED1A Pin=*3-1
Added Pin To Net: NetName=LED1A Pin=P1-1
Added Net: Name=LED1A
Added Pin To Net: NetName=LED2A Pin=*1-1
Added Pin To Net: NetName=LED2A Pin=P1-3
Added Net: Name=LED2A
Added Pin To Net: NetName=Net*1_2 Pin=*1-2
Added Pin To Net: NetName=Net*1_2 Pin=D9-K
Added Pin To Net: NetName=Net*1_2 Pin=R18-1
Added Net: Name=Net*1_2
Added Pin To Net: NetName=Net*3_2 Pin=*3-2
Added Pin To Net: NetName=Net*3_2 Pin=D10-K
Added Pin To Net: NetName=Net*3_2 Pin=R19-1
Added Net: Name=Net*3_2
Added Pin To Net: NetName=NetD7_A Pin=D7-A
Added Pin To Net: NetName=NetD7_A Pin=R18-2
Added Net: Name=NetD7_A
Added Pin To Net: NetName=NetD8_A Pin=D8-A
Added Pin To Net: NetName=NetD8_A Pin=R19-2
Added Net: Name=NetD8_A
Added Pin To Net: NetName=NetD9_A Pin=D9-A
Added Pin To Net: NetName=NetD9_A Pin=R8-1
Added Net: Name=NetD9_A
Added Pin To Net: NetName=NetD10_A Pin=D10-A
Added Pin To Net: NetName=NetD10_A Pin=R17-1
Added Net: Name=NetD10_A
Added Pin To Net: NetName=NetP6_2 Pin=P6-2
Added Pin To Net: NetName=NetP6_2 Pin=R11-1
Added Net: Name=NetP6_2
Added Pin To Net: NetName=NetP7_1 Pin=P7-1
Added Pin To Net: NetName=NetP7_1 Pin=R12-1
Added Net: Name=NetP7_1
Added Pin To Net: NetName=NetP7_2 Pin=P7-2
Added Pin To Net: NetName=NetP7_2 Pin=R10-2
Added Net: Name=NetP7_2
Added Pin To Net: NetName=NetQ6_B Pin=R20-1
Added Pin To Net: NetName=NetQ6_B Pin=R24-2
Added Net: Name=NetQ6_B
Added Pin To Net: NetName=NetQ7_B Pin=R22-1
Added Pin To Net: NetName=NetQ7_B Pin=R25-2
Added Net: Name=NetQ7_B
Added Pin To Net: NetName=NetR20_2 Pin=R20-2
Added Pin To Net: NetName=NetR20_2 Pin=U7-3
Added Net: Name=NetR20_2
Added Pin To Net: NetName=NetR21_1 Pin=R21-1
Added Pin To Net: NetName=NetR21_1 Pin=U8-2
Added Net: Name=NetR21_1
Added Pin To Net: NetName=NetR22_2 Pin=R22-2
Added Pin To Net: NetName=NetR22_2 Pin=U8-3
Added Net: Name=NetR22_2
Added Pin To Net: NetName=NetR23_1 Pin=R23-1
Added Pin To Net: NetName=NetR23_1 Pin=U7-2
Added Net: Name=NetR23_1
Added Member To Class: ClassName=Sheet1 Member=Component *3 继电器
Added Member To Class: ClassName=Sheet1 Member=Component D7 1N4148
Added Member To Class: ClassName=Sheet1 Member=Component D8 1N4148
Added Member To Class: ClassName=Sheet1 Member=Component D9 LED0
Added Member To Class: ClassName=Sheet1 Member=Component D10 LED0
Added Member To Class: ClassName=Sheet1 Member=Component DC_IN1 POWER
Added Member To Class: ClassName=Sheet1 Member=Component P6 Header 2
Added Member To Class: ClassName=Sheet1 Member=Component P7 Header 2
Added Member To Class: ClassName=Sheet1 Member=Component Q6 8050
Added Member To Class: ClassName=Sheet1 Member=Component Q7 8050
Added Member To Class: ClassName=Sheet1 Member=Component R16 Res Semi
Added Member To Class: ClassName=Sheet1 Member=Component R17 Res Semi
Added Member To Class: ClassName=Sheet1 Member=Component R18 Res Semi
Added Member To Class: ClassName=Sheet1 Member=Component R19 Res Semi
Added Member To Class: ClassName=Sheet1 Member=Component R20 Res Semi
Added Member To Class: ClassName=Sheet1 Member=Component R21 Res Semi
Added Member To Class: ClassName=Sheet1 Member=Component R22 Res Semi
Added Member To Class: ClassName=Sheet1 Member=Component R23 Res Semi
Added Member To Class: ClassName=Sheet1 Member=Component R24 Res Semi
Added Member To Class: ClassName=Sheet1 Member=Component R25 Res Semi
Added Member To Class: ClassName=Sheet1 Member=Component U7 PC817
Added Member To Class: ClassName=Sheet1 Member=Component U8 PC817
Added Room: Name=Sheet1
