Removed Pin From Net: NetName=VCC_5V Pin=C2-1
Removed Pin From Net: NetName=VCC_5V Pin=C4-1
Removed Pin From Net: NetName=GND Pin=C9-1
Removed Pin From Net: NetName=VCC_5V Pin=C9-2
Removed Pin From Net: NetName=GND Pin=C13-1
Removed Pin From Net: NetName=COUNT_NUM Pin=C13-2
Removed Pin From Net: NetName=CYCLE Pin=C14-2
Removed Pin From Net: NetName=VCC_5V Pin=L1-2
Removed Pin From Net: NetName=VCC_5V Pin=R5-2
Removed Pin From Net: NetName=P17 Pin=U3-1
Removed Pin From Net: NetName=P16 Pin=U3-2
Removed Pin From Net: NetName=P14 Pin=U3-3
Removed Pin From Net: NetName=P13 Pin=U3-4
Removed Pin From Net: NetName=P11 Pin=U3-5
Removed Pin From Net: NetName=NetQ4_E Pin=U3-6
Removed Pin From Net: NetName=P10 Pin=U3-7
Removed Pin From Net: NetName=NetQ3_E Pin=U3-8
Removed Pin From Net: NetName=NetQ2_E Pin=U3-9
Removed Pin From Net: NetName=P12 Pin=U3-10
Removed Pin From Net: NetName=P15 Pin=U3-11
Removed Pin From Net: NetName=NetQ1_E Pin=U3-12
Change Component Footprint: Designator=U3 Old Footprint=0.4英寸 4位共阳数码管 New Footprint=ZMR2405S
Change Component Comment : Designator=C9 Old Comment=0.1uF New Comment=Cap1
Change Component Comment : Designator=U3 Old Comment=四位共阳数码管 New Comment=ZMR1205S
Change Component Designator: OldDesignator=C10 NewDesignator=C11
Change Component Designator: OldDesignator=C11 NewDesignator=C12
Change Component Designator: OldDesignator=C12 NewDesignator=C13
Change Component Designator: OldDesignator=U4 NewDesignator=U5
Change Component Designator: OldDesignator=U5 NewDesignator=U6
Change Component Designator: OldDesignator=U6 NewDesignator=U7
Added Component: Designator=C10(0805C)
Added Component: Designator=C15(0805C)
Added Component: Designator=U4(0.4英寸 4位共阳数码管)
Added Pin To Net: NetName=POWER_GND Pin=C9-2
Added Pin To Net: NetName=GND Pin=C10-1
Added Pin To Net: NetName=VCC_5V Pin=C10-2
Added Pin To Net: NetName=COUNT_NUM Pin=C14-2
Added Pin To Net: NetName=GND Pin=C15-1
Added Pin To Net: NetName=CYCLE Pin=C15-2
Added Pin To Net: NetName=POWER_GND Pin=U3-2
Added Pin To Net: NetName=GND Pin=U3-3
Added Pin To Net: NetName=VCC_5V Pin=U3-4
Added Pin To Net: NetName=P17 Pin=U4-1
Added Pin To Net: NetName=P16 Pin=U4-2
Added Pin To Net: NetName=P14 Pin=U4-3
Added Pin To Net: NetName=P13 Pin=U4-4
Added Pin To Net: NetName=P11 Pin=U4-5
Added Pin To Net: NetName=NetQ4_E Pin=U4-6
Added Pin To Net: NetName=P10 Pin=U4-7
Added Pin To Net: NetName=NetQ3_E Pin=U4-8
Added Pin To Net: NetName=NetQ2_E Pin=U4-9
Added Pin To Net: NetName=P12 Pin=U4-10
Added Pin To Net: NetName=P15 Pin=U4-11
Added Pin To Net: NetName=NetQ1_E Pin=U4-12
Added Pin To Net: NetName=VCC5V Pin=C2-1
Added Pin To Net: NetName=VCC5V Pin=C4-1
Added Pin To Net: NetName=VCC5V Pin=C9-1
Added Pin To Net: NetName=VCC5V Pin=L1-2
Added Pin To Net: NetName=VCC5V Pin=R5-2
Added Pin To Net: NetName=VCC5V Pin=U3-1
Added Net: Name=VCC5V
Added Member To Class: ClassName=Sheet1 Member=Component C15 0.1uF
Added Member To Class: ClassName=Sheet1 Member=Component U7 PC817
Added Room: Name=Sheet1
