Added Component: Designator=*2(6脚继电器)
Added Component: Designator=C1(0805C)
Added Component: Designator=C2(RB-8MM)
Added Component: Designator=C3(0805C)
Added Component: Designator=C4(0805C)
Added Component: Designator=C9(0805C)
Added Component: Designator=C10(0805C)
Added Component: Designator=C11(0805C)
Added Component: Designator=C12(CAP-1)
Added Component: Designator=C14(CAP-1)
Added Component: Designator=D1(贴片二极管)
Added Component: Designator=D3(led-5mm)
Added Component: Designator=D4(二极管贴片)
Added Component: Designator=D5(0805AK)
Added Component: Designator=Q5(SOT-23-EBC)
Added Component: Designator=R1(0805R)
Added Component: Designator=R2(0805R)
Added Component: Designator=R5(0805R)
Added Component: Designator=R8(0805R)
Added Component: Designator=R9(0805R)
Added Component: Designator=R10(0805R)
Added Component: Designator=R11(0805R)
Added Component: Designator=R12(0805R)
Added Component: Designator=R13(0805R)
Added Component: Designator=S1(key_1)
Added Component: Designator=U1(8205S)
Added Component: Designator=U7(DIP-4)
Added Pin To Net: NetName=Net*2_1 Pin=*2-1
Added Pin To Net: NetName=Net*2_2 Pin=*2-2
Added Pin To Net: NetName=VCC12V Pin=*2-3
Added Pin To Net: NetName=VCC12V Pin=*2-5
Added Pin To Net: NetName=NetC1_1 Pin=C1-1
Added Pin To Net: NetName=NetC1_2 Pin=C1-2
Added Pin To Net: NetName=VCC_5V Pin=C2-1
Added Pin To Net: NetName=POWER_GND Pin=C2-2
Added Pin To Net: NetName=VCC_5V Pin=C3-1
Added Pin To Net: NetName=POWER_GND Pin=C3-2
Added Pin To Net: NetName=VCC2LOW Pin=C4-1
Added Pin To Net: NetName=POWER_GND Pin=C4-2
Added Pin To Net: NetName=GND Pin=C9-1
Added Pin To Net: NetName=VCC_5V Pin=C9-2
Added Pin To Net: NetName=GND Pin=C10-1
Added Pin To Net: NetName=VCC_3.3V Pin=C10-2
Added Pin To Net: NetName=GND Pin=C11-1
Added Pin To Net: NetName=VCC_5V Pin=C11-2
Added Pin To Net: NetName=GND Pin=C12-1
Added Pin To Net: NetName=RES_COUNT Pin=C12-2
Added Pin To Net: NetName=GND Pin=C14-1
Added Pin To Net: NetName=CYCLE Pin=C14-2
Added Pin To Net: NetName=POWER_GND Pin=D1-1
Added Pin To Net: NetName=NetC1_1 Pin=D1-2
Added Pin To Net: NetName=VCC_3.3V Pin=D3-A
Added Pin To Net: NetName=NetD3_K Pin=D3-K
Added Pin To Net: NetName=NetD4_A Pin=D4-A
Added Pin To Net: NetName=VCC12V Pin=D4-K
Added Pin To Net: NetName=NetD5_A Pin=D5-A
Added Pin To Net: NetName=Net*2_2 Pin=D5-K
Added Pin To Net: NetName=NetQ5_B Pin=Q5-B
Added Pin To Net: NetName=Net*2_2 Pin=Q5-C
Added Pin To Net: NetName=AGND Pin=Q5-E
Added Pin To Net: NetName=NetR1_1 Pin=R1-1
Added Pin To Net: NetName=POWER_GND Pin=R1-2
Added Pin To Net: NetName=NetR1_1 Pin=R2-1
Added Pin To Net: NetName=VCC_5V Pin=R2-2
Added Pin To Net: NetName=NetP2_2 Pin=R5-1
Added Pin To Net: NetName=VCC_3.3V Pin=R5-2
Added Pin To Net: NetName=Net*1_3 Pin=R8-1
Added Pin To Net: NetName=VCC_5V Pin=R8-2
Added Pin To Net: NetName=VCC12V Pin=R9-1
Added Pin To Net: NetName=NetD5_A Pin=R9-2
Added Pin To Net: NetName=NetD4_A Pin=R10-1
Added Pin To Net: NetName=Net*2_2 Pin=R10-2
Added Pin To Net: NetName=CTR Pin=R11-1
Added Pin To Net: NetName=NetR11_2 Pin=R11-2
Added Pin To Net: NetName=NetR12_1 Pin=R12-1
Added Pin To Net: NetName=NetQ5_B Pin=R12-2
Added Pin To Net: NetName=AGND Pin=R13-1
Added Pin To Net: NetName=NetQ5_B Pin=R13-2
Added Pin To Net: NetName=GND Pin=S1-1
Added Pin To Net: NetName=NetP2_2 Pin=S1-2
Added Pin To Net: NetName=NetC1_2 Pin=U1-1
Added Pin To Net: NetName=POWER_GND Pin=U1-2
Added Pin To Net: NetName=NetR1_1 Pin=U1-3
Added Pin To Net: NetName=VCC2LOW Pin=U1-5
Added Pin To Net: NetName=NetC1_1 Pin=U1-6
Added Pin To Net: NetName=VCC_5V Pin=U7-1
Added Pin To Net: NetName=NetR11_2 Pin=U7-2
Added Pin To Net: NetName=NetR12_1 Pin=U7-3
Added Pin To Net: NetName=VCC12V Pin=U7-4
Added Member To Class: ClassName=Sheet1 Member=Component *2 继电器
Added Member To Class: ClassName=Sheet1 Member=Component C1 Cap1
Added Member To Class: ClassName=Sheet1 Member=Component C2 Cap Poll
Added Member To Class: ClassName=Sheet1 Member=Component C3 Cap1
Added Member To Class: ClassName=Sheet1 Member=Component C4 Cap1
Added Member To Class: ClassName=Sheet1 Member=Component C9 0.1uF
Added Member To Class: ClassName=Sheet1 Member=Component C10 0.1uF
Added Member To Class: ClassName=Sheet1 Member=Component C11 0.1uF
Added Member To Class: ClassName=Sheet1 Member=Component C12 0.1uF
Added Member To Class: ClassName=Sheet1 Member=Component C14 0.1uF
Added Member To Class: ClassName=Sheet1 Member=Component D1 1N5819
Added Member To Class: ClassName=Sheet1 Member=Component D3 LED0
Added Member To Class: ClassName=Sheet1 Member=Component D4 1N4148
Added Member To Class: ClassName=Sheet1 Member=Component D5 GREEN
Added Member To Class: ClassName=Sheet1 Member=Component Q5 8050
Added Member To Class: ClassName=Sheet1 Member=Component R1 Res1
Added Member To Class: ClassName=Sheet1 Member=Component R2 Res1
Added Member To Class: ClassName=Sheet1 Member=Component R5 Res1
Added Member To Class: ClassName=Sheet1 Member=Component R8 Res Semi
Added Member To Class: ClassName=Sheet1 Member=Component R9 Res Semi
Added Member To Class: ClassName=Sheet1 Member=Component R10 Res Semi
Added Member To Class: ClassName=Sheet1 Member=Component R11 Res Semi
Added Member To Class: ClassName=Sheet1 Member=Component R12 Res Semi
Added Member To Class: ClassName=Sheet1 Member=Component R13 Res Semi
Added Member To Class: ClassName=Sheet1 Member=Component S1 SW-PB
Added Member To Class: ClassName=Sheet1 Member=Component U1 RT8259
Added Member To Class: ClassName=Sheet1 Member=Component U7 PC817
