Removed Pin From Net: NetName=KEY1 Pin=R6-1
Removed Pin From Net: NetName=VCC_5V Pin=R6-2
Change Component Comment : Designator=R2 Old Comment=Res1 New Comment=Res Semi
Change Component Designator: OldDesignator=C9 NewDesignator=C8
Change Component Designator: OldDesignator=C10 NewDesignator=C9
Change Component Designator: OldDesignator=C11 NewDesignator=C10
Change Component Designator: OldDesignator=C12 NewDesignator=C11
Change Component Designator: OldDesignator=C13 NewDesignator=C12
Change Component Designator: OldDesignator=C14 NewDesignator=C13
Change Component Designator: OldDesignator=R1 NewDesignator=R3
Change Component Designator: OldDesignator=R3 NewDesignator=R1
Change Component Designator: OldDesignator=R5 NewDesignator=R7
Change Component Designator: OldDesignator=R7 NewDesignator=R9
Change Component Designator: OldDesignator=R8 NewDesignator=R10
Change Component Designator: OldDesignator=R9 NewDesignator=R11
Change Component Designator: OldDesignator=R10 NewDesignator=R12
Change Component Designator: OldDesignator=R11 NewDesignator=R13
Change Component Designator: OldDesignator=R12 NewDesignator=R14
Change Component Designator: OldDesignator=R13 NewDesignator=R15
Change Component Designator: OldDesignator=U4 NewDesignator=U3
Change Component Designator: OldDesignator=U5 NewDesignator=U4
Change Component Designator: OldDesignator=U6 NewDesignator=U5
Change Component Designator: OldDesignator=U7 NewDesignator=U6
Added Component: Designator=BAT1(BATTERY)
Added Component: Designator=C5(0805C)
Added Component: Designator=R5(0805R)
Added Component: Designator=R8(0805R)
Added Component: Designator=Y1(NX5032CA)
Added Pin To Net: NetName=GND Pin=BAT1-2
Added Pin To Net: NetName=GND Pin=C5-1
Added Pin To Net: NetName=VCC_5V Pin=R5-2
Added Pin To Net: NetName=VCC_5V Pin=R6-1
Added Pin To Net: NetName=KEY1 Pin=R8-1
Added Pin To Net: NetName=VCC_5V Pin=R8-2
Change Net Name : Old Net Name=NetR11_2 New Net Name=NetR13_2
Change Net Name : Old Net Name=NetR12_1 New Net Name=NetR14_1
Added Pin To Net: NetName=DS_I/O Pin=U4-25
Added Net: Name=DS_I/O
Added Pin To Net: NetName=DS_RST Pin=R6-2
Added Pin To Net: NetName=DS_RST Pin=U4-24
Added Net: Name=DS_RST
Added Pin To Net: NetName=DS_SCLK Pin=U4-26
Added Net: Name=DS_SCLK
Added Pin To Net: NetName=NetBAT1_1 Pin=BAT1-1
Added Net: Name=NetBAT1_1
Added Pin To Net: NetName=NetC5_2 Pin=C5-2
Added Pin To Net: NetName=NetC5_2 Pin=R2-1
Added Net: Name=NetC5_2
Added Pin To Net: NetName=NetDS1_2 Pin=Y1-1
Added Net: Name=NetDS1_2
Added Pin To Net: NetName=NetDS1_3 Pin=Y1-2
Added Net: Name=NetDS1_3
Added Pin To Net: NetName=NetR3_1 Pin=R3-1
Added Pin To Net: NetName=NetR3_1 Pin=R5-1
Added Pin To Net: NetName=NetR3_1 Pin=U1-3
Added Net: Name=NetR3_1
Added Member To Class: ClassName=Sheet1 Member=Component BAT1 BATTERY
Added Member To Class: ClassName=Sheet1 Member=Component C5 0.1uF
Added Member To Class: ClassName=Sheet1 Member=Component R14 Res Semi
Added Member To Class: ClassName=Sheet1 Member=Component R15 Res Semi
Added Member To Class: ClassName=Sheet1 Member=Component Y1 XTAL
