Removed Pin From Net: NetName=P17 Pin=U4-1
Removed Pin From Net: NetName=P16 Pin=U4-2
Removed Pin From Net: NetName=P14 Pin=U4-3
Removed Pin From Net: NetName=P13 Pin=U4-4
Removed Pin From Net: NetName=P11 Pin=U4-5
Removed Pin From Net: NetName=NetQ4_E Pin=U4-6
Removed Pin From Net: NetName=P10 Pin=U4-7
Removed Pin From Net: NetName=NetQ3_E Pin=U4-8
Removed Pin From Net: NetName=NetQ2_E Pin=U4-9
Removed Pin From Net: NetName=P12 Pin=U4-10
Removed Pin From Net: NetName=P15 Pin=U4-11
Removed Pin From Net: NetName=NetQ1_E Pin=U4-12
Removed Member From Class: ClassName=Sheet1 Member=R18
Removed Member From Class: ClassName=Sheet1 Member=R18
Change Component Designator: OldDesignator=C3 NewDesignator=C2
Change Component Designator: OldDesignator=C6 NewDesignator=C1
Change Component Designator: OldDesignator=C7 NewDesignator=C3
Change Component Designator: OldDesignator=C8 NewDesignator=C4
Change Component Designator: OldDesignator=C9 NewDesignator=C5
Change Component Designator: OldDesignator=C10 NewDesignator=C6
Change Component Designator: OldDesignator=C11 NewDesignator=C7
Change Component Designator: OldDesignator=C12 NewDesignator=C8
Change Component Designator: OldDesignator=C13 NewDesignator=C9
Change Component Designator: OldDesignator=C14 NewDesignator=C10
Change Component Designator: OldDesignator=C15 NewDesignator=C11
Change Component Designator: OldDesignator=D2 NewDesignator=D1
Change Component Designator: OldDesignator=D3 NewDesignator=D2
Change Component Designator: OldDesignator=D4 NewDesignator=D3
Change Component Designator: OldDesignator=D5 NewDesignator=D4
Change Component Designator: OldDesignator=D6 NewDesignator=D5
Change Component Designator: OldDesignator=D7 NewDesignator=D6
Change Component Designator: OldDesignator=R1 NewDesignator=R3
Change Component Designator: OldDesignator=R2 NewDesignator=R1
Change Component Designator: OldDesignator=R6 NewDesignator=R2
Change Component Designator: OldDesignator=R7 NewDesignator=R4
Change Component Designator: OldDesignator=R8 NewDesignator=R6
Change Component Designator: OldDesignator=R9 NewDesignator=R7
Change Component Designator: OldDesignator=R10 NewDesignator=R8
Change Component Designator: OldDesignator=R11 NewDesignator=R9
Change Component Designator: OldDesignator=R12 NewDesignator=R10
Change Component Designator: OldDesignator=R13 NewDesignator=R11
Change Component Designator: OldDesignator=R14 NewDesignator=R12
Change Component Designator: OldDesignator=R15 NewDesignator=R13
Change Component Designator: OldDesignator=R16 NewDesignator=R14
Change Component Designator: OldDesignator=R17 NewDesignator=R15
Change Component Designator: OldDesignator=R18 NewDesignator=R16
Change Component Designator: OldDesignator=U2 NewDesignator=U1
Change Component Designator: OldDesignator=U3 NewDesignator=U2
Change Component Designator: OldDesignator=U5 NewDesignator=U4
Change Component Designator: OldDesignator=U6 NewDesignator=U5
Change Component Designator: OldDesignator=U7 NewDesignator=U6
Added Component: Designator=R5(0805R)
Added Component: Designator=U3(0.4英寸 4位共阳数码管)
Added Pin To Net: NetName=P17 Pin=U3-1
Added Pin To Net: NetName=P16 Pin=U3-2
Added Pin To Net: NetName=P14 Pin=U3-3
Added Pin To Net: NetName=P13 Pin=U3-4
Added Pin To Net: NetName=P11 Pin=U3-5
Added Pin To Net: NetName=NetQ4_E Pin=U3-6
Added Pin To Net: NetName=P10 Pin=U3-7
Added Pin To Net: NetName=NetQ3_E Pin=U3-8
Added Pin To Net: NetName=NetQ2_E Pin=U3-9
Added Pin To Net: NetName=P12 Pin=U3-10
Added Pin To Net: NetName=P15 Pin=U3-11
Added Pin To Net: NetName=NetQ1_E Pin=U3-12
Change Net Name : Old Net Name=NetC6_2 New Net Name=NetC1_2
Change Net Name : Old Net Name=NetD2_A New Net Name=NetD1_A
Change Net Name : Old Net Name=NetD5_A New Net Name=NetD4_A
Change Net Name : Old Net Name=NetD6_A New Net Name=NetD5_A
Change Net Name : Old Net Name=NetD7_A New Net Name=NetD6_A
Change Net Name : Old Net Name=NetR16_2 New Net Name=NetR14_2
Change Net Name : Old Net Name=NetR17_1 New Net Name=NetR15_1
Added Pin To Net: NetName=NetD2_K Pin=D2-K
Added Pin To Net: NetName=NetD2_K Pin=R5-2
Added Net: Name=NetD2_K
Added Pin To Net: NetName=NetR5_1 Pin=R5-1
Added Pin To Net: NetName=NetR5_1 Pin=U5-8
Added Net: Name=NetR5_1
Added Member To Class: ClassName=Sheet1 Member=Component R3 Res Semi
Added Member To Class: ClassName=Sheet1 Member=Component R5 Res1
Added Member To Class: ClassName=Sheet1 Member=Component U3 四位共阳数码管
Added Room: Name=Sheet1
