Change Component Designator: Old Designator=BAT? New Designator=BAT1
Change Component Designator: Old Designator=C9 New Designator=C8
Change Component Designator: Old Designator=C10 New Designator=C9
Change Component Designator: Old Designator=C11 New Designator=C10
Change Component Designator: Old Designator=C12 New Designator=C5
Change Component Designator: Old Designator=C12 New Designator=C11
Change Component Designator: Old Designator=C13 New Designator=C12
Change Component Designator: Old Designator=C14 New Designator=C13
Change Component Designator: Old Designator=DS1302 New Designator=DS1
Change Component Designator: Old Designator=R1 New Designator=R3
Change Component Designator: Old Designator=R2 New Designator=R5
Change Component Designator: Old Designator=R3 New Designator=R1
Change Component Designator: Old Designator=R5 New Designator=R7
Change Component Designator: Old Designator=R6 New Designator=R8
Change Component Designator: Old Designator=R7 New Designator=R9
Change Component Designator: Old Designator=R8 New Designator=R10
Change Component Designator: Old Designator=R9 New Designator=R11
Change Component Designator: Old Designator=R10 New Designator=R12
Change Component Designator: Old Designator=R11 New Designator=R13
Change Component Designator: Old Designator=R12 New Designator=R2
Change Component Designator: Old Designator=R12 New Designator=R14
Change Component Designator: Old Designator=R13 New Designator=R6
Change Component Designator: Old Designator=R13 New Designator=R15
Change Component Designator: Old Designator=U4 New Designator=U3
Change Component Designator: Old Designator=U5 New Designator=U4
Change Component Designator: Old Designator=U6 New Designator=U5
Change Component Designator: Old Designator=U7 New Designator=U6
Change Component Designator: Old Designator=Y? New Designator=Y1
