Change Component Designator: Old Designator=*1 New Designator=*2
Change Component Designator: Old Designator=*3 New Designator=*1
Change Component Designator: Old Designator=D5 New Designator=D6
Change Component Designator: Old Designator=D8 New Designator=D3
Change Component Designator: Old Designator=D10 New Designator=D5
Change Component Designator: Old Designator=J? New Designator=J1
Change Component Designator: Old Designator=P2 New Designator=P3
Change Component Designator: Old Designator=P3 New Designator=P4
Change Component Designator: Old Designator=P4 New Designator=P2
Change Component Designator: Old Designator=P4 New Designator=P5
Change Component Designator: Old Designator=P5 New Designator=P6
Change Component Designator: Old Designator=P6 New Designator=P7
Change Component Designator: Old Designator=P7 New Designator=P8
Change Component Designator: Old Designator=Q5 New Designator=Q6
Change Component Designator: Old Designator=Q7 New Designator=Q5
Change Component Designator: Old Designator=R3 New Designator=R4
Change Component Designator: Old Designator=R4 New Designator=R3
Change Component Designator: Old Designator=R5 New Designator=R7
Change Component Designator: Old Designator=R7 New Designator=R5
Change Component Designator: Old Designator=R8 New Designator=R9
Change Component Designator: Old Designator=R10 New Designator=R12
Change Component Designator: Old Designator=R11 New Designator=R14
Change Component Designator: Old Designator=R14 New Designator=R15
Change Component Designator: Old Designator=R15 New Designator=R16
Change Component Designator: Old Designator=R16 New Designator=R17
Change Component Designator: Old Designator=R18 New Designator=R6
Change Component Designator: Old Designator=R22 New Designator=R8
Change Component Designator: Old Designator=R24 New Designator=R10
Change Component Designator: Old Designator=R25 New Designator=R11
Change Component Designator: Old Designator=R26 New Designator=R13
Change Component Designator: Old Designator=U3 New Designator=U4
Change Component Designator: Old Designator=U4 New Designator=U5
Change Component Designator: Old Designator=U5 New Designator=U3
Change Component Designator: Old Designator=U6 New Designator=U7
Change Component Designator: Old Designator=U8 New Designator=U6
